        -:    0:Source:dominion.c
        -:    0:Programs:4
        -:    1:#include "dominion.h"
        -:    2:#include "dominion_helpers.h"
        -:    3:#include "rngs.h"
        -:    4:#include <stdio.h>
        -:    5:#include <math.h>
        -:    6:#include <stdlib.h>
        -:    7:
function compare called 120 returned 100% blocks executed 83%
      120:    8:int compare(const void* a, const void* b) {
      120:    9:  if (*(int*)a > *(int*)b)
branch  0 taken 0% (fallthrough)
branch  1 taken 100%
    #####:   10:    return 1;
      120:   11:  if (*(int*)a < *(int*)b)
branch  0 taken 27% (fallthrough)
branch  1 taken 73%
       32:   12:    return -1;
       88:   13:  return 0;
        -:   14:}
        -:   15:
function newGame called 0 returned 0% blocks executed 0%
    #####:   16:struct gameState* newGame() {
    #####:   17:  struct gameState* g = malloc(sizeof(struct gameState));
    #####:   18:  return g;
        -:   19:}
        -:   20:
function kingdomCards called 0 returned 0% blocks executed 0%
    #####:   21:int* kingdomCards(int k1, int k2, int k3, int k4, int k5, int k6, int k7,
        -:   22:		  int k8, int k9, int k10) {
    #####:   23:  int* k = malloc(10 * sizeof(int));
    #####:   24:  k[0] = k1;
    #####:   25:  k[1] = k2;
    #####:   26:  k[2] = k3;
    #####:   27:  k[3] = k4;
    #####:   28:  k[4] = k5;
    #####:   29:  k[5] = k6;
    #####:   30:  k[6] = k7;
    #####:   31:  k[7] = k8;
    #####:   32:  k[8] = k9;
    #####:   33:  k[9] = k10;
    #####:   34:  return k;
        -:   35:}
        -:   36:
function initializeGame called 4 returned 100% blocks executed 88%
        4:   37:int initializeGame(int numPlayers, int kingdomCards[10], int randomSeed,
        -:   38:		   struct gameState *state) {
        -:   39:
        -:   40:  int i;
        -:   41:  int j;
        -:   42:  int it;			
        -:   43:  //set up random number generator
        4:   44:  SelectStream(1);
call    0 returned 100%
        4:   45:  PutSeed((long)randomSeed);
call    0 returned 100%
        -:   46:  
        -:   47:  //check number of players
        4:   48:  if (numPlayers > MAX_PLAYERS || numPlayers < 2)
branch  0 taken 100% (fallthrough)
branch  1 taken 0%
branch  2 taken 0% (fallthrough)
branch  3 taken 100%
        -:   49:    {
    #####:   50:      return -1;
        -:   51:    }
        -:   52:
        -:   53:  //set number of players
        4:   54:  state->numPlayers = numPlayers;
        -:   55:
        -:   56:  //check selected kingdom cards are different
       44:   57:  for (i = 0; i < 10; i++)
branch  0 taken 91%
branch  1 taken 9% (fallthrough)
        -:   58:    {
      440:   59:      for (j = 0; j < 10; j++)
branch  0 taken 91%
branch  1 taken 9% (fallthrough)
        -:   60:        {
      400:   61:	  if (j != i && kingdomCards[j] == kingdomCards[i])
branch  0 taken 90% (fallthrough)
branch  1 taken 10%
branch  2 taken 0% (fallthrough)
branch  3 taken 100%
        -:   62:	    {
    #####:   63:	      return -1;
        -:   64:	    }
        -:   65:        }
        -:   66:    }
        -:   67:
        -:   68:
        -:   69:  //initialize supply
        -:   70:  ///////////////////////////////
        -:   71:
        -:   72:  //set number of Curse cards
        4:   73:  if (numPlayers == 2)
branch  0 taken 100% (fallthrough)
branch  1 taken 0%
        -:   74:    {
        4:   75:      state->supplyCount[curse] = 10;
        -:   76:    }
    #####:   77:  else if (numPlayers == 3)
branch  0 never executed
branch  1 never executed
        -:   78:    {
    #####:   79:      state->supplyCount[curse] = 20;
        -:   80:    }
        -:   81:  else
        -:   82:    {
    #####:   83:      state->supplyCount[curse] = 30;
        -:   84:    }
        -:   85:
        -:   86:  //set number of Victory cards
        4:   87:  if (numPlayers == 2)
branch  0 taken 100% (fallthrough)
branch  1 taken 0%
        -:   88:    {
        4:   89:      state->supplyCount[estate] = 8;
        4:   90:      state->supplyCount[duchy] = 8;
        4:   91:      state->supplyCount[province] = 8;
        -:   92:    }
        -:   93:  else
        -:   94:    {
    #####:   95:      state->supplyCount[estate] = 12;
    #####:   96:      state->supplyCount[duchy] = 12;
    #####:   97:      state->supplyCount[province] = 12;
        -:   98:    }
        -:   99:
        -:  100:  //set number of Treasure cards
        4:  101:  state->supplyCount[copper] = 60 - (7 * numPlayers);
        4:  102:  state->supplyCount[silver] = 40;
        4:  103:  state->supplyCount[gold] = 30;
        -:  104:
        -:  105:  //set number of Kingdom cards
       84:  106:  for (i = adventurer; i <= treasure_map; i++)       	//loop all cards
branch  0 taken 95%
branch  1 taken 5% (fallthrough)
        -:  107:    {
      660:  108:      for (j = 0; j < 10; j++)           		//loop chosen cards
branch  0 taken 94%
branch  1 taken 6% (fallthrough)
        -:  109:	{
      620:  110:	  if (kingdomCards[j] == i)
branch  0 taken 6% (fallthrough)
branch  1 taken 94%
        -:  111:	    {
        -:  112:	      //check if card is a 'Victory' Kingdom card
       40:  113:	      if (kingdomCards[j] == great_hall || kingdomCards[j] == gardens)
branch  0 taken 90% (fallthrough)
branch  1 taken 10%
branch  2 taken 11% (fallthrough)
branch  3 taken 89%
        -:  114:		{
       16:  115:		  if (numPlayers == 2){ 
branch  0 taken 100% (fallthrough)
branch  1 taken 0%
        8:  116:		    state->supplyCount[i] = 8; 
        -:  117:		  }
    #####:  118:		  else{ state->supplyCount[i] = 12; }
        -:  119:		}
        -:  120:	      else
        -:  121:		{
       32:  122:		  state->supplyCount[i] = 10;
        -:  123:		}
       40:  124:	      break;
        -:  125:	    }
        -:  126:	  else    //card is not in the set choosen for the game
        -:  127:	    {
      580:  128:	      state->supplyCount[i] = -1;
        -:  129:	    }
        -:  130:	}
        -:  131:
        -:  132:    }
        -:  133:
        -:  134:  ////////////////////////
        -:  135:  //supply intilization complete
        -:  136:
        -:  137:  //set player decks
       12:  138:  for (i = 0; i < numPlayers; i++)
branch  0 taken 67%
branch  1 taken 33% (fallthrough)
        -:  139:    {
        8:  140:      state->deckCount[i] = 0;
       32:  141:      for (j = 0; j < 3; j++)
branch  0 taken 75%
branch  1 taken 25% (fallthrough)
        -:  142:	{
       24:  143:	  state->deck[i][j] = estate;
       24:  144:	  state->deckCount[i]++;
        -:  145:	}
       64:  146:      for (j = 3; j < 10; j++)
branch  0 taken 88%
branch  1 taken 13% (fallthrough)
        -:  147:	{
       56:  148:	  state->deck[i][j] = copper;
       56:  149:	  state->deckCount[i]++;		
        -:  150:	}
        -:  151:    }
        -:  152:
        -:  153:  //shuffle player decks
       12:  154:  for (i = 0; i < numPlayers; i++)
branch  0 taken 67%
branch  1 taken 33% (fallthrough)
        -:  155:    {
        8:  156:      if ( shuffle(i, state) < 0 )
call    0 returned 100%
branch  1 taken 0% (fallthrough)
branch  2 taken 100%
        -:  157:	{
    #####:  158:	  return -1;
        -:  159:	}
        -:  160:    }
        -:  161:
        -:  162:  //draw player hands
       12:  163:  for (i = 0; i < numPlayers; i++)
branch  0 taken 67%
branch  1 taken 33% (fallthrough)
        -:  164:    {  
        -:  165:      //initialize hand size to zero
        8:  166:      state->handCount[i] = 0;
        8:  167:      state->discardCount[i] = 0;
        -:  168:      //draw 5 cards
        -:  169:      // for (j = 0; j < 5; j++)
        -:  170:      //	{
        -:  171:      //	  drawCard(i, state);
        -:  172:      //	}
        -:  173:    }
        -:  174:  
        -:  175:  //set embargo tokens to 0 for all supply piles
      112:  176:  for (i = 0; i <= treasure_map; i++)
branch  0 taken 96%
branch  1 taken 4% (fallthrough)
        -:  177:    {
      108:  178:      state->embargoTokens[i] = 0;
        -:  179:    }
        -:  180:
        -:  181:  //initialize first player's turn
        4:  182:  state->outpostPlayed = 0;
        4:  183:  state->phase = 0;
        4:  184:  state->numActions = 1;
        4:  185:  state->numBuys = 1;
        4:  186:  state->playedCardCount = 0;
        4:  187:  state->whoseTurn = 0;
        4:  188:  state->handCount[state->whoseTurn] = 0;
        -:  189:  //int it; move to top
        -:  190:
        -:  191:  //Moved draw cards to here, only drawing at the start of a turn
       24:  192:  for (it = 0; it < 5; it++){
branch  0 taken 83%
branch  1 taken 17% (fallthrough)
       20:  193:    drawCard(state->whoseTurn, state);
call    0 returned 100%
        -:  194:  }
        -:  195:
        4:  196:  updateCoins(state->whoseTurn, state, 0);
call    0 returned 100%
        -:  197:
        4:  198:  return 0;
        -:  199:}
        -:  200:
function shuffle called 11 returned 100% blocks executed 100%
       11:  201:int shuffle(int player, struct gameState *state) {
        -:  202: 
        -:  203:
        -:  204:  int newDeck[MAX_DECK];
       11:  205:  int newDeckPos = 0;
        -:  206:  int card;
        -:  207:  int i;
        -:  208:
       11:  209:  if (state->deckCount[player] < 1)
branch  0 taken 27% (fallthrough)
branch  1 taken 73%
        3:  210:    return -1;
        8:  211:  qsort ((void*)(state->deck[player]), state->deckCount[player], sizeof(int), compare); 
call    0 returned 100%
        -:  212:  /* SORT CARDS IN DECK TO ENSURE DETERMINISM! */
        -:  213:
       96:  214:  while (state->deckCount[player] > 0) {
branch  0 taken 91%
branch  1 taken 9% (fallthrough)
       80:  215:    card = floor(Random() * state->deckCount[player]);
call    0 returned 100%
       80:  216:    newDeck[newDeckPos] = state->deck[player][card];
       80:  217:    newDeckPos++;
      280:  218:    for (i = card; i < state->deckCount[player]-1; i++) {
branch  0 taken 71%
branch  1 taken 29% (fallthrough)
      200:  219:      state->deck[player][i] = state->deck[player][i+1];
        -:  220:    }
       80:  221:    state->deckCount[player]--;
        -:  222:  }
       88:  223:  for (i = 0; i < newDeckPos; i++) {
branch  0 taken 91%
branch  1 taken 9% (fallthrough)
       80:  224:    state->deck[player][i] = newDeck[i];
       80:  225:    state->deckCount[player]++;
        -:  226:  }
        -:  227:
        8:  228:  return 0;
        -:  229:}
        -:  230:
function playCard called 0 returned 0% blocks executed 0%
    #####:  231:int playCard(int handPos, int choice1, int choice2, int choice3, struct gameState *state) 
        -:  232:{	
        -:  233:  int card;
    #####:  234:  int coin_bonus = 0; 		//tracks coins gain from actions
        -:  235:
        -:  236:  //check if it is the right phase
    #####:  237:  if (state->phase != 0)
branch  0 never executed
branch  1 never executed
        -:  238:    {
    #####:  239:      return -1;
        -:  240:    }
        -:  241:	
        -:  242:  //check if player has enough actions
    #####:  243:  if ( state->numActions < 1 )
branch  0 never executed
branch  1 never executed
        -:  244:    {
    #####:  245:      return -1;
        -:  246:    }
        -:  247:	
        -:  248:  //get card played
    #####:  249:  card = handCard(handPos, state);
call    0 never executed
        -:  250:	
        -:  251:  //check if selected card is an action
    #####:  252:  if ( card < adventurer || card > treasure_map )
branch  0 never executed
branch  1 never executed
branch  2 never executed
branch  3 never executed
        -:  253:    {
    #####:  254:      return -1;
        -:  255:    }
        -:  256:	
        -:  257:  //play card
    #####:  258:  if ( cardEffect(card, choice1, choice2, choice3, state, handPos, &coin_bonus) < 0 )
call    0 never executed
branch  1 never executed
branch  2 never executed
        -:  259:    {
    #####:  260:      return -1;
        -:  261:    }
        -:  262:	
        -:  263:  //reduce number of actions
    #####:  264:  state->numActions--;
        -:  265:
        -:  266:  //update coins (Treasure cards may be added with card draws)
    #####:  267:  updateCoins(state->whoseTurn, state, coin_bonus);
call    0 never executed
        -:  268:	
    #####:  269:  return 0;
        -:  270:}
        -:  271:
function buyCard called 0 returned 0% blocks executed 0%
    #####:  272:int buyCard(int supplyPos, struct gameState *state) {
        -:  273:  int who;
        -:  274:  if (DEBUG){
        -:  275:    printf("Entering buyCard...\n");
        -:  276:  }
        -:  277:
        -:  278:  // I don't know what to do about the phase thing.
        -:  279:
    #####:  280:  who = state->whoseTurn;
        -:  281:
    #####:  282:  if (state->numBuys < 1){
branch  0 never executed
branch  1 never executed
        -:  283:    if (DEBUG)
        -:  284:      printf("You do not have any buys left\n");
    #####:  285:    return -1;
    #####:  286:  } else if (supplyCount(supplyPos, state) <1){
call    0 never executed
branch  1 never executed
branch  2 never executed
        -:  287:    if (DEBUG)
        -:  288:      printf("There are not any of that type of card left\n");
    #####:  289:    return -1;
    #####:  290:  } else if (state->coins < getCost(supplyPos)){
call    0 never executed
branch  1 never executed
branch  2 never executed
        -:  291:    if (DEBUG) 
        -:  292:      printf("You do not have enough money to buy that. You have %d coins.\n", state->coins);
    #####:  293:    return -1;
        -:  294:  } else {
    #####:  295:    state->phase=1;
        -:  296:    //state->supplyCount[supplyPos]--;
    #####:  297:    gainCard(supplyPos, state, 0, who); //card goes in discard, this might be wrong.. (2 means goes into hand, 0 goes into discard)
call    0 never executed
        -:  298:  
    #####:  299:    state->coins = (state->coins) - (getCost(supplyPos));
call    0 never executed
    #####:  300:    state->numBuys--;
        -:  301:    if (DEBUG)
        -:  302:      printf("You bought card number %d for %d coins. You now have %d buys and %d coins.\n", supplyPos, getCost(supplyPos), state->numBuys, state->coins);
        -:  303:  }
        -:  304:
        -:  305:  //state->discard[who][state->discardCount[who]] = supplyPos;
        -:  306:  //state->discardCount[who]++;
        -:  307:    
    #####:  308:  return 0;
        -:  309:}
        -:  310:
function numHandCards called 0 returned 0% blocks executed 0%
    #####:  311:int numHandCards(struct gameState *state) {
    #####:  312:  return state->handCount[ whoseTurn(state) ];
call    0 never executed
        -:  313:}
        -:  314:
function handCard called 0 returned 0% blocks executed 0%
    #####:  315:int handCard(int handPos, struct gameState *state) {
    #####:  316:  int currentPlayer = whoseTurn(state);
call    0 never executed
    #####:  317:  return state->hand[currentPlayer][handPos];
        -:  318:}
        -:  319:
function supplyCount called 0 returned 0% blocks executed 0%
    #####:  320:int supplyCount(int card, struct gameState *state) {
    #####:  321:  return state->supplyCount[card];
        -:  322:}
        -:  323:
function fullDeckCount called 0 returned 0% blocks executed 0%
    #####:  324:int fullDeckCount(int player, int card, struct gameState *state) {
        -:  325:  int i;
    #####:  326:  int count = 0;
        -:  327:
    #####:  328:  for (i = 0; i < state->deckCount[player]; i++)
branch  0 never executed
branch  1 never executed
        -:  329:    {
    #####:  330:      if (state->deck[player][i] == card) count++;
branch  0 never executed
branch  1 never executed
        -:  331:    }
        -:  332:
    #####:  333:  for (i = 0; i < state->handCount[player]; i++)
branch  0 never executed
branch  1 never executed
        -:  334:    {
    #####:  335:      if (state->hand[player][i] == card) count++;
branch  0 never executed
branch  1 never executed
        -:  336:    }
        -:  337:
    #####:  338:  for (i = 0; i < state->discardCount[player]; i++)
branch  0 never executed
branch  1 never executed
        -:  339:    {
    #####:  340:      if (state->discard[player][i] == card) count++;
branch  0 never executed
branch  1 never executed
        -:  341:    }
        -:  342:
    #####:  343:  return count;
        -:  344:}
        -:  345:
function whoseTurn called 4 returned 100% blocks executed 100%
        4:  346:int whoseTurn(struct gameState *state) {
        4:  347:  return state->whoseTurn;
        -:  348:}
        -:  349:
function endTurn called 0 returned 0% blocks executed 0%
    #####:  350:int endTurn(struct gameState *state) {
        -:  351:  int k;
        -:  352:  int i;
    #####:  353:  int currentPlayer = whoseTurn(state);
call    0 never executed
        -:  354:  
        -:  355:  //Discard hand
    #####:  356:  for (i = 0; i < state->handCount[currentPlayer]; i++){
branch  0 never executed
branch  1 never executed
    #####:  357:    state->discard[currentPlayer][state->discardCount[currentPlayer]++] = state->hand[currentPlayer][i];//Discard
    #####:  358:    state->hand[currentPlayer][i] = -1;//Set card to -1
        -:  359:  }
    #####:  360:  state->handCount[currentPlayer] = 0;//Reset hand count
        -:  361:    
        -:  362:  //Code for determining the player
    #####:  363:  if (currentPlayer < (state->numPlayers - 1)){ 
branch  0 never executed
branch  1 never executed
    #####:  364:    state->whoseTurn = currentPlayer + 1;//Still safe to increment
        -:  365:  }
        -:  366:  else{
    #####:  367:    state->whoseTurn = 0;//Max player has been reached, loop back around to player 1
        -:  368:  }
        -:  369:
    #####:  370:  state->outpostPlayed = 0;
    #####:  371:  state->phase = 0;
    #####:  372:  state->numActions = 1;
    #####:  373:  state->coins = 0;
    #####:  374:  state->numBuys = 1;
    #####:  375:  state->playedCardCount = 0;
    #####:  376:  state->handCount[state->whoseTurn] = 0;
        -:  377:
        -:  378:  //int k; move to top
        -:  379:  //Next player draws hand
    #####:  380:  for (k = 0; k < 5; k++){
branch  0 never executed
branch  1 never executed
    #####:  381:    drawCard(state->whoseTurn, state);//Draw a card
call    0 never executed
        -:  382:  }
        -:  383:
        -:  384:  //Update money
    #####:  385:  updateCoins(state->whoseTurn, state , 0);
call    0 never executed
        -:  386:
    #####:  387:  return 0;
        -:  388:}
        -:  389:
function isGameOver called 0 returned 0% blocks executed 0%
    #####:  390:int isGameOver(struct gameState *state) {
        -:  391:  int i;
        -:  392:  int j;
        -:  393:	
        -:  394:  //if stack of Province cards is empty, the game ends
    #####:  395:  if (state->supplyCount[province] == 0)
branch  0 never executed
branch  1 never executed
        -:  396:    {
    #####:  397:      return 1;
        -:  398:    }
        -:  399:
        -:  400:  //if three supply pile are at 0, the game ends
    #####:  401:  j = 0;
    #####:  402:  for (i = 0; i < 25; i++)
branch  0 never executed
branch  1 never executed
        -:  403:    {
    #####:  404:      if (state->supplyCount[i] == 0)
branch  0 never executed
branch  1 never executed
        -:  405:	{
    #####:  406:	  j++;
        -:  407:	}
        -:  408:    }
    #####:  409:  if ( j >= 3)
branch  0 never executed
branch  1 never executed
        -:  410:    {
    #####:  411:      return 1;
        -:  412:    }
        -:  413:
    #####:  414:  return 0;
        -:  415:}
        -:  416:
function scoreFor called 8 returned 100% blocks executed 32%
        8:  417:int scoreFor (int player, struct gameState *state) {
        -:  418:
        -:  419:  int i;
        8:  420:  int score = 0;
        -:  421:  //score from hand
       30:  422:  for (i = 0; i < state->handCount[player]; i++)
branch  0 taken 73%
branch  1 taken 27% (fallthrough)
        -:  423:    {
       22:  424:      if (state->hand[player][i] == curse) { score = score - 1; };
branch  0 taken 0% (fallthrough)
branch  1 taken 100%
       22:  425:      if (state->hand[player][i] == estate) { score = score + 1; };
branch  0 taken 18% (fallthrough)
branch  1 taken 82%
       22:  426:      if (state->hand[player][i] == duchy) { score = score + 3; };
branch  0 taken 0% (fallthrough)
branch  1 taken 100%
       22:  427:      if (state->hand[player][i] == province) { score = score + 6; };
branch  0 taken 0% (fallthrough)
branch  1 taken 100%
       22:  428:      if (state->hand[player][i] == great_hall) { score = score + 1; };
branch  0 taken 0% (fallthrough)
branch  1 taken 100%
       22:  429:      if (state->hand[player][i] == gardens) { score = score + ( fullDeckCount(player, 0, state) / 10 ); };
branch  0 taken 0% (fallthrough)
branch  1 taken 100%
call    2 never executed
        -:  430:    }
        -:  431:
        -:  432:  //score from discard
        8:  433:  for (i = 0; i < state->discardCount[player]; i++)
branch  0 taken 0%
branch  1 taken 100% (fallthrough)
        -:  434:    {
    #####:  435:      if (state->discard[player][i] == curse) { score = score - 1; };
branch  0 never executed
branch  1 never executed
    #####:  436:      if (state->discard[player][i] == estate) { score = score + 1; };
branch  0 never executed
branch  1 never executed
    #####:  437:      if (state->discard[player][i] == duchy) { score = score + 3; };
branch  0 never executed
branch  1 never executed
    #####:  438:      if (state->discard[player][i] == province) { score = score + 6; };
branch  0 never executed
branch  1 never executed
    #####:  439:      if (state->discard[player][i] == great_hall) { score = score + 1; };
branch  0 never executed
branch  1 never executed
    #####:  440:      if (state->discard[player][i] == gardens) { score = score + ( fullDeckCount(player, 0, state) / 10 ); };
branch  0 never executed
branch  1 never executed
call    2 never executed
        -:  441:    }
        -:  442:
        -:  443:  //score from deck
        8:  444:  for (i = 0; i < state->discardCount[player]; i++)
branch  0 taken 0%
branch  1 taken 100% (fallthrough)
        -:  445:    {
    #####:  446:      if (state->deck[player][i] == curse) { score = score - 1; };
branch  0 never executed
branch  1 never executed
    #####:  447:      if (state->deck[player][i] == estate) { score = score + 1; };
branch  0 never executed
branch  1 never executed
    #####:  448:      if (state->deck[player][i] == duchy) { score = score + 3; };
branch  0 never executed
branch  1 never executed
    #####:  449:      if (state->deck[player][i] == province) { score = score + 6; };
branch  0 never executed
branch  1 never executed
    #####:  450:      if (state->deck[player][i] == great_hall) { score = score + 1; };
branch  0 never executed
branch  1 never executed
    #####:  451:      if (state->deck[player][i] == gardens) { score = score + ( fullDeckCount(player, 0, state) / 10 ); };
branch  0 never executed
branch  1 never executed
call    2 never executed
        -:  452:    }
        -:  453:
        8:  454:  return score;
        -:  455:}
        -:  456:
function getWinners called 0 returned 0% blocks executed 0%
    #####:  457:int getWinners(int players[MAX_PLAYERS], struct gameState *state) {
        -:  458:  int i;	
        -:  459:  int j;
        -:  460:  int highScore;
        -:  461:  int currentPlayer;
        -:  462:
        -:  463:  //get score for each player
    #####:  464:  for (i = 0; i < MAX_PLAYERS; i++)
branch  0 never executed
branch  1 never executed
        -:  465:    {
        -:  466:      //set unused player scores to -9999
    #####:  467:      if (i >= state->numPlayers)
branch  0 never executed
branch  1 never executed
        -:  468:	{
    #####:  469:	  players[i] = -9999;
        -:  470:	}
        -:  471:      else
        -:  472:	{
    #####:  473:	  players[i] = scoreFor (i, state);
call    0 never executed
        -:  474:	}
        -:  475:    }
        -:  476:
        -:  477:  //find highest score
    #####:  478:  j = 0;
    #####:  479:  for (i = 0; i < MAX_PLAYERS; i++)
branch  0 never executed
branch  1 never executed
        -:  480:    {
    #####:  481:      if (players[i] > players[j])
branch  0 never executed
branch  1 never executed
        -:  482:	{
    #####:  483:	  j = i;
        -:  484:	}
        -:  485:    }
    #####:  486:  highScore = players[j];
        -:  487:
        -:  488:  //add 1 to players who had less turns
    #####:  489:  currentPlayer = whoseTurn(state);
call    0 never executed
    #####:  490:  for (i = 0; i < MAX_PLAYERS; i++)
branch  0 never executed
branch  1 never executed
        -:  491:    {
    #####:  492:      if ( players[i] == highScore && i > currentPlayer )
branch  0 never executed
branch  1 never executed
branch  2 never executed
branch  3 never executed
        -:  493:	{
    #####:  494:	  players[i]++;
        -:  495:	}
        -:  496:    }
        -:  497:
        -:  498:  //find new highest score
    #####:  499:  j = 0;
    #####:  500:  for (i = 0; i < MAX_PLAYERS; i++)
branch  0 never executed
branch  1 never executed
        -:  501:    {
    #####:  502:      if ( players[i] > players[j] )
branch  0 never executed
branch  1 never executed
        -:  503:	{
    #####:  504:	  j = i;
        -:  505:	}
        -:  506:    }
    #####:  507:  highScore = players[j];
        -:  508:
        -:  509:  //set winners in array to 1 and rest to 0
    #####:  510:  for (i = 0; i < MAX_PLAYERS; i++)
branch  0 never executed
branch  1 never executed
        -:  511:    {
    #####:  512:      if ( players[i] == highScore )
branch  0 never executed
branch  1 never executed
        -:  513:	{
    #####:  514:	  players[i] = 1;
        -:  515:	}
        -:  516:      else
        -:  517:	{
    #####:  518:	  players[i] = 0;
        -:  519:	}
        -:  520:    }
        -:  521:
    #####:  522:  return 0;
        -:  523:}
        -:  524:
function drawCard called 44 returned 100% blocks executed 85%
       44:  525:int drawCard(int player, struct gameState *state)
        -:  526:{	int count;
        -:  527:  int deckCounter;
       44:  528:  if (state->deckCount[player] <= 0){//Deck is empty
branch  0 taken 7% (fallthrough)
branch  1 taken 93%
        -:  529:    
        -:  530:    //Step 1 Shuffle the discard pile back into a deck
        -:  531:    int i;
        -:  532:    //Move discard to deck
        3:  533:    for (i = 0; i < state->discardCount[player];i++){
branch  0 taken 0%
branch  1 taken 100% (fallthrough)
    #####:  534:      state->deck[player][i] = state->discard[player][i];
    #####:  535:      state->discard[player][i] = -1;
        -:  536:    }
        -:  537:
        3:  538:    state->deckCount[player] = state->discardCount[player];
        3:  539:    state->discardCount[player] = 0;//Reset discard
        -:  540:
        -:  541:    //Shufffle the deck
        3:  542:    shuffle(player, state);//Shuffle the deck up and make it so that we can draw
call    0 returned 100%
        -:  543:   
        -:  544:    if (DEBUG){//Debug statements
        -:  545:      printf("Deck count now: %d\n", state->deckCount[player]);
        -:  546:    }
        -:  547:    
        3:  548:    state->discardCount[player] = 0;
        -:  549:
        -:  550:    //Step 2 Draw Card
        3:  551:    count = state->handCount[player];//Get current player's hand count
        -:  552:    
        -:  553:    if (DEBUG){//Debug statements
        -:  554:      printf("Current hand count: %d\n", count);
        -:  555:    }
        -:  556:    
        3:  557:    deckCounter = state->deckCount[player];//Create a holder for the deck count
        -:  558:
        3:  559:    if (deckCounter == 0)
branch  0 taken 100% (fallthrough)
branch  1 taken 0%
        3:  560:      return -1;
        -:  561:
    #####:  562:    state->hand[player][count] = state->deck[player][deckCounter - 1];//Add card to hand
    #####:  563:    state->deckCount[player]--;
    #####:  564:    state->handCount[player]++;//Increment hand count
        -:  565:  }
        -:  566:
        -:  567:  else{
       41:  568:    int count = state->handCount[player];//Get current hand count for player
        -:  569:    int deckCounter;
        -:  570:    if (DEBUG){//Debug statements
        -:  571:      printf("Current hand count: %d\n", count);
        -:  572:    }
        -:  573:
       41:  574:    deckCounter = state->deckCount[player];//Create holder for the deck count
       41:  575:    state->hand[player][count] = state->deck[player][deckCounter - 1];//Add card to the hand
       41:  576:    state->deckCount[player]--;
       41:  577:    state->handCount[player]++;//Increment hand count
        -:  578:  }
        -:  579:
       41:  580:  return 0;
        -:  581:}
        -:  582:
function getCost called 0 returned 0% blocks executed 0%
    #####:  583:int getCost(int cardNumber)
        -:  584:{
    #####:  585:  switch( cardNumber ) 
branch  0 never executed
branch  1 never executed
branch  2 never executed
branch  3 never executed
branch  4 never executed
branch  5 never executed
branch  6 never executed
branch  7 never executed
branch  8 never executed
branch  9 never executed
branch 10 never executed
branch 11 never executed
branch 12 never executed
branch 13 never executed
branch 14 never executed
branch 15 never executed
branch 16 never executed
branch 17 never executed
branch 18 never executed
branch 19 never executed
branch 20 never executed
branch 21 never executed
branch 22 never executed
branch 23 never executed
branch 24 never executed
branch 25 never executed
branch 26 never executed
branch 27 never executed
        -:  586:    {
        -:  587:    case curse:
    #####:  588:      return 0;
        -:  589:    case estate:
    #####:  590:      return 2;
        -:  591:    case duchy:
    #####:  592:      return 5;
        -:  593:    case province:
    #####:  594:      return 8;
        -:  595:    case copper:
    #####:  596:      return 0;
        -:  597:    case silver:
    #####:  598:      return 3;
        -:  599:    case gold:
    #####:  600:      return 6;
        -:  601:    case adventurer:
    #####:  602:      return 6;
        -:  603:    case council_room:
    #####:  604:      return 5;
        -:  605:    case feast:
    #####:  606:      return 4;
        -:  607:    case gardens:
    #####:  608:      return 4;
        -:  609:    case mine:
    #####:  610:      return 5;
        -:  611:    case remodel:
    #####:  612:      return 4;
        -:  613:    case smithy:
    #####:  614:      return 4;
        -:  615:    case village:
    #####:  616:      return 3;
        -:  617:    case baron:
    #####:  618:      return 4;
        -:  619:    case great_hall:
    #####:  620:      return 3;
        -:  621:    case minion:
    #####:  622:      return 5;
        -:  623:    case steward:
    #####:  624:      return 3;
        -:  625:    case tribute:
    #####:  626:      return 5;
        -:  627:    case ambassador:
    #####:  628:      return 3;
        -:  629:    case cutpurse:
    #####:  630:      return 4;
        -:  631:    case embargo: 
    #####:  632:      return 2;
        -:  633:    case outpost:
    #####:  634:      return 5;
        -:  635:    case salvager:
    #####:  636:      return 4;
        -:  637:    case sea_hag:
    #####:  638:      return 4;
        -:  639:    case treasure_map:
    #####:  640:      return 4;
        -:  641:    }
        -:  642:	
    #####:  643:  return -1;
        -:  644:}
        -:  645:
        -:  646:
function adventurerFunction called 3 returned 100% blocks executed 67%
        3:  647:int adventurerFunction(int drawntreasure, int currentPlayer, struct gameState *state, int cardDrawn, int *temphand, int z)
        -:  648:{
       12:  649:  while(drawntreasure<2){
branch  0 taken 67%
branch  1 taken 33% (fallthrough)
        6:  650:    if (state->deckCount[currentPlayer] <1){//if the deck is empty we need to shuffle discard and add to deck
branch  0 taken 0% (fallthrough)
branch  1 taken 100%
    #####:  651:      shuffle(currentPlayer, state);
call    0 never executed
        -:  652:    }
        6:  653:    drawCard(currentPlayer, state);
call    0 returned 100%
        6:  654:    cardDrawn = state->hand[currentPlayer][state->handCount[currentPlayer]-1];//top card of hand is most recently drawn card.
        6:  655:    if (cardDrawn == copper || cardDrawn == silver || cardDrawn == gold)
branch  0 taken 0% (fallthrough)
branch  1 taken 100%
branch  2 never executed
branch  3 never executed
branch  4 never executed
branch  5 never executed
        6:  656:      drawntreasure++;
        -:  657:    else{
    #####:  658:      temphand[z]=cardDrawn;
    #####:  659:      state->handCount[currentPlayer]--; //this should just remove the top card (the most recently drawn one).
    #####:  660:      z++;
        -:  661:    }
        -:  662:      }
        6:  663:      while(z-1>=0){
branch  0 taken 0%
branch  1 taken 100% (fallthrough)
    #####:  664:    state->discard[currentPlayer][state->discardCount[currentPlayer]++]=temphand[z-1]; // discard all cards in play that have been drawn
    #####:  665:    z=z-1;
        -:  666:      }
        3:  667:      return 0;
        -:  668:}
        -:  669:
function smithyFunction called 1 returned 100% blocks executed 100%
        1:  670:int smithyFunction(int currentPlayer, struct gameState *state, int handPos)
        -:  671:{
        3:  672:  for (int i = 1; i < 3; i++)
branch  0 taken 67%
branch  1 taken 33% (fallthrough)
        -:  673:  {
        2:  674:    drawCard(currentPlayer, state);
call    0 returned 100%
        -:  675:  }
        1:  676:  discardCard(handPos, currentPlayer, state, 0);
call    0 returned 100%
        1:  677:    return 0;
        -:  678:}
        -:  679:
function villageFunction called 1 returned 100% blocks executed 100%
        1:  680:int villageFunction(int currentPlayer, struct gameState *state, int handPos)
        -:  681:{
        1:  682:      drawCard(currentPlayer, state);
call    0 returned 100%
        1:  683:      state->numActions = state->numActions + 1;
        1:  684:      discardCard(handPos, currentPlayer, state, 0);
call    0 returned 100%
        1:  685:      return 0;
        -:  686:}
function gardensFunction called 0 returned 0% blocks executed 0%
    #####:  687:int gardensFunction()
        -:  688:{
    #####:  689:  return -1;
        -:  690:}
function outpostFunction called 0 returned 0% blocks executed 0%
    #####:  691:int outpostFunction(int currentPlayer, struct gameState *state, int handPos)
        -:  692:{
    #####:  693:      state->outpostPlayed = state->outpostPlayed + 2;
    #####:  694:      discardCard(handPos, currentPlayer, state, 0);
call    0 never executed
    #####:  695:      return 0;
        -:  696:}
        -:  697:
        -:  698:
        -:  699:
        -:  700:
function cardEffect called 4 returned 100% blocks executed 8%
        4:  701:int cardEffect(int card, int choice1, int choice2, int choice3, struct gameState *state, int handPos, int *bonus)
        -:  702:{
        -:  703:  int i;
        -:  704:  int j;
        -:  705:  int k;
        -:  706:  int x;
        -:  707:  int index;
        4:  708:  int currentPlayer = whoseTurn(state);
call    0 returned 100%
        4:  709:  int nextPlayer = currentPlayer + 1;
        -:  710:
        4:  711:  int tributeRevealedCards[2] = {-1, -1};
        -:  712:  int temphand[MAX_HAND];// moved above the if statement
        4:  713:  int drawntreasure=0;
        4:  714:  int cardDrawn=0;
        4:  715:  int z = 0;// this is the counter for the temp hand
        4:  716:  if (nextPlayer > (state->numPlayers - 1)){
branch  0 taken 0% (fallthrough)
branch  1 taken 100%
    #####:  717:    nextPlayer = 0;
        -:  718:  }
        -:  719:  
        -:  720:	
        -:  721:  //uses switch to select card and perform actions
        4:  722:  switch( card ) 
branch  0 taken 75%
branch  1 taken 0%
branch  2 taken 0%
branch  3 taken 0%
branch  4 taken 0%
branch  5 taken 0%
branch  6 taken 25%
branch  7 taken 0%
branch  8 taken 0%
branch  9 taken 0%
branch 10 taken 0%
branch 11 taken 0%
branch 12 taken 0%
branch 13 taken 0%
branch 14 taken 0%
branch 15 taken 0%
branch 16 taken 0%
branch 17 taken 0%
branch 18 taken 0%
branch 19 taken 0%
branch 20 taken 0%
        -:  723:    {
        -:  724:    case adventurer:
        3:  725:		  adventurerFunction(drawntreasure, currentPlayer, state, cardDrawn, temphand, z);
call    0 returned 100%
        -:  726:    //  while(drawntreasure<2){
        -:  727:	//	if (state->deckCount[currentPlayer] <1){//if the deck is empty we need to shuffle discard and add to deck
        -:  728:	//		shuffle(currentPlayer, state);
        -:  729:	//	}
        -:  730:	//	drawCard(currentPlayer, state);
        -:  731:	//	cardDrawn = state->hand[currentPlayer][state->handCount[currentPlayer]-1];//top card of hand is most recently drawn card.
        -:  732:	//	if (cardDrawn == copper || cardDrawn == silver || cardDrawn == gold)
        -:  733:	//		drawntreasure++;
        -:  734:	//	else{
        -:  735:	//		temphand[z]=cardDrawn;
        -:  736:	//		state->handCount[currentPlayer]--; //this should just remove the top card (the most recently drawn one).
        -:  737:	//		z++;
        -:  738:	//	}
        -:  739:     // }
        -:  740:     // while(z-1>=0){
        -:  741:	//	state->discard[currentPlayer][state->discardCount[currentPlayer]++]=temphand[z-1]; // discard all cards in play that have been drawn
        -:  742:	//	z=z-1;
        -:  743:     // }
        -:  744:     // return 0;
        -:  745:			
        -:  746:    case council_room:
        -:  747:      //+4 Cards
       15:  748:      for (i = 0; i < 4; i++)
branch  0 taken 80%
branch  1 taken 20% (fallthrough)
        -:  749:	{
       12:  750:	  drawCard(currentPlayer, state);
call    0 returned 100%
        -:  751:	}
        -:  752:			
        -:  753:      //+1 Buy
        3:  754:      state->numBuys++;
        -:  755:			
        -:  756:      //Each other player draws a card
        9:  757:      for (i = 0; i < state->numPlayers; i++)
branch  0 taken 67%
branch  1 taken 33% (fallthrough)
        -:  758:	{
        6:  759:	  if ( i != currentPlayer )
branch  0 taken 50% (fallthrough)
branch  1 taken 50%
        -:  760:	    {
        3:  761:	      drawCard(i, state);
call    0 returned 100%
        -:  762:	    }
        -:  763:	}
        -:  764:			
        -:  765:      //put played card in played card pile
        3:  766:      discardCard(handPos, currentPlayer, state, 0);
call    0 returned 100%
        -:  767:			
        3:  768:      return 0;
        -:  769:			
        -:  770:    case feast:
        -:  771:      //gain card with cost up to 5
        -:  772:      //Backup hand
    #####:  773:      for (i = 0; i <= state->handCount[currentPlayer]; i++){
branch  0 never executed
branch  1 never executed
    #####:  774:	temphand[i] = state->hand[currentPlayer][i];//Backup card
    #####:  775:	state->hand[currentPlayer][i] = -1;//Set to nothing
        -:  776:      }
        -:  777:      //Backup hand
        -:  778:
        -:  779:      //Update Coins for Buy
    #####:  780:      updateCoins(currentPlayer, state, 5);
call    0 never executed
    #####:  781:      x = 1;//Condition to loop on
    #####:  782:      while( x == 1) {//Buy one card
branch  0 never executed
branch  1 never executed
    #####:  783:	if (supplyCount(choice1, state) <= 0){
call    0 never executed
branch  1 never executed
branch  2 never executed
        -:  784:	  if (DEBUG)
        -:  785:	    printf("None of that card left, sorry!\n");
        -:  786:
        -:  787:	  if (DEBUG){
        -:  788:	    printf("Cards Left: %d\n", supplyCount(choice1, state));
        -:  789:	  }
        -:  790:	}
    #####:  791:	else if (state->coins < getCost(choice1)){
call    0 never executed
branch  1 never executed
branch  2 never executed
    #####:  792:	  printf("That card is too expensive!\n");
call    0 never executed
        -:  793:
        -:  794:	  if (DEBUG){
        -:  795:	    printf("Coins: %d < %d\n", state->coins, getCost(choice1));
        -:  796:	  }
        -:  797:	}
        -:  798:	else{
        -:  799:
        -:  800:	  if (DEBUG){
        -:  801:	    printf("Deck Count: %d\n", state->handCount[currentPlayer] + state->deckCount[currentPlayer] + state->discardCount[currentPlayer]);
        -:  802:	  }
        -:  803:
    #####:  804:	  gainCard(choice1, state, 0, currentPlayer);//Gain the card
call    0 never executed
    #####:  805:	  x = 0;//No more buying cards
        -:  806:
        -:  807:	  if (DEBUG){
        -:  808:	    printf("Deck Count: %d\n", state->handCount[currentPlayer] + state->deckCount[currentPlayer] + state->discardCount[currentPlayer]);
        -:  809:	  }
        -:  810:
        -:  811:	}
        -:  812:      }     
        -:  813:
        -:  814:      //Reset Hand
    #####:  815:      for (i = 0; i <= state->handCount[currentPlayer]; i++){
branch  0 never executed
branch  1 never executed
    #####:  816:	state->hand[currentPlayer][i] = temphand[i];
    #####:  817:	temphand[i] = -1;
        -:  818:      }
        -:  819:      //Reset Hand
        -:  820:      			
    #####:  821:      return 0;
        -:  822:			
        -:  823:    case gardens:
    #####:  824:		gardensFunction();
call    0 never executed
        -:  825:     // return -1;
        -:  826:			
        -:  827:    case mine:
    #####:  828:      j = state->hand[currentPlayer][choice1];  //store card we will trash
        -:  829:
    #####:  830:      if (state->hand[currentPlayer][choice1] < copper || state->hand[currentPlayer][choice1] > gold)
branch  0 never executed
branch  1 never executed
branch  2 never executed
branch  3 never executed
        -:  831:	{
    #####:  832:	  return -1;
        -:  833:	}
        -:  834:		
    #####:  835:      if (choice2 > treasure_map || choice2 < curse)
branch  0 never executed
branch  1 never executed
branch  2 never executed
branch  3 never executed
        -:  836:	{
    #####:  837:	  return -1;
        -:  838:	}
        -:  839:
    #####:  840:      if ( (getCost(state->hand[currentPlayer][choice1]) + 3) > getCost(choice2) )
call    0 never executed
call    1 never executed
branch  2 never executed
branch  3 never executed
        -:  841:	{
    #####:  842:	  return -1;
        -:  843:	}
        -:  844:
    #####:  845:      gainCard(choice2, state, 2, currentPlayer);
call    0 never executed
        -:  846:
        -:  847:      //discard card from hand
    #####:  848:      discardCard(handPos, currentPlayer, state, 0);
call    0 never executed
        -:  849:
        -:  850:      //discard trashed card
    #####:  851:      for (i = 0; i < state->handCount[currentPlayer]; i++)
branch  0 never executed
branch  1 never executed
        -:  852:	{
    #####:  853:	  if (state->hand[currentPlayer][i] == j)
branch  0 never executed
branch  1 never executed
        -:  854:	    {
    #####:  855:	      discardCard(i, currentPlayer, state, 0);			
call    0 never executed
    #####:  856:	      break;
        -:  857:	    }
        -:  858:	}
        -:  859:			
    #####:  860:      return 0;
        -:  861:			
        -:  862:    case remodel:
    #####:  863:      j = state->hand[currentPlayer][choice1];  //store card we will trash
        -:  864:
    #####:  865:      if ( (getCost(state->hand[currentPlayer][choice1]) + 2) > getCost(choice2) )
call    0 never executed
call    1 never executed
branch  2 never executed
branch  3 never executed
        -:  866:	{
    #####:  867:	  return -1;
        -:  868:	}
        -:  869:
    #####:  870:      gainCard(choice2, state, 0, currentPlayer);
call    0 never executed
        -:  871:
        -:  872:      //discard card from hand
    #####:  873:      discardCard(handPos, currentPlayer, state, 0);
call    0 never executed
        -:  874:
        -:  875:      //discard trashed card
    #####:  876:      for (i = 0; i < state->handCount[currentPlayer]; i++)
branch  0 never executed
branch  1 never executed
        -:  877:	{
    #####:  878:	  if (state->hand[currentPlayer][i] == j)
branch  0 never executed
branch  1 never executed
        -:  879:	    {
    #####:  880:	      discardCard(i, currentPlayer, state, 0);			
call    0 never executed
    #####:  881:	      break;
        -:  882:	    }
        -:  883:	}
        -:  884:
        -:  885:
    #####:  886:      return 0;
        -:  887:		
        -:  888:    case smithy:
        1:  889:		smithyFunction(currentPlayer, state, handPos);
call    0 returned 100%
        -:  890:      //+3 Cards
        -:  891:     // for (i = 0; i < 3; i++)
        -:  892:		//{
        -:  893:		//	drawCard(currentPlayer, state);
        -:  894:		//}
        -:  895:			
        -:  896:		//discard card from hand
        -:  897:	//	discardCard(handPos, currentPlayer, state, 0);
        -:  898:     // return 0;
        -:  899:		
        -:  900:    case village:
        1:  901:		villageFunction(currentPlayer, state, handPos);
call    0 returned 100%
        -:  902:      //+1 Card
        -:  903:     // drawCard(currentPlayer, state);
        -:  904:			
        -:  905:      //+2 Actions
        -:  906:     // state->numActions = state->numActions + 2;
        -:  907:			
        -:  908:      //discard played card from hand
        -:  909:     // discardCard(handPos, currentPlayer, state, 0);
        1:  910:      return 0;
        -:  911:		
        -:  912:    case baron:
    #####:  913:      state->numBuys++;//Increase buys by 1!
    #####:  914:      if (choice1 > 0){//Boolean true or going to discard an estate
branch  0 never executed
branch  1 never executed
    #####:  915:	int p = 0;//Iterator for hand!
    #####:  916:	int card_not_discarded = 1;//Flag for discard set!
    #####:  917:	while(card_not_discarded){
branch  0 never executed
branch  1 never executed
    #####:  918:	  if (state->hand[currentPlayer][p] == estate){//Found an estate card!
branch  0 never executed
branch  1 never executed
    #####:  919:	    state->coins += 4;//Add 4 coins to the amount of coins
    #####:  920:	    state->discard[currentPlayer][state->discardCount[currentPlayer]] = state->hand[currentPlayer][p];
    #####:  921:	    state->discardCount[currentPlayer]++;
    #####:  922:	    for (;p < state->handCount[currentPlayer]; p++){
branch  0 never executed
branch  1 never executed
    #####:  923:	      state->hand[currentPlayer][p] = state->hand[currentPlayer][p+1];
        -:  924:	    }
    #####:  925:	    state->hand[currentPlayer][state->handCount[currentPlayer]] = -1;
    #####:  926:	    state->handCount[currentPlayer]--;
    #####:  927:	    card_not_discarded = 0;//Exit the loop
        -:  928:	  }
    #####:  929:	  else if (p > state->handCount[currentPlayer]){
branch  0 never executed
branch  1 never executed
        -:  930:	    if(DEBUG) {
        -:  931:	      printf("No estate cards in your hand, invalid choice\n");
        -:  932:	      printf("Must gain an estate if there are any\n");
        -:  933:	    }
    #####:  934:	    if (supplyCount(estate, state) > 0){
call    0 never executed
branch  1 never executed
branch  2 never executed
    #####:  935:	      gainCard(estate, state, 0, currentPlayer);
call    0 never executed
    #####:  936:	      state->supplyCount[estate]--;//Decrement estates
    #####:  937:	      if (supplyCount(estate, state) == 0){
call    0 never executed
branch  1 never executed
branch  2 never executed
    #####:  938:		isGameOver(state);
call    0 never executed
        -:  939:	      }
        -:  940:	    }
    #####:  941:	    card_not_discarded = 0;//Exit the loop
        -:  942:	  }
        -:  943:			    
        -:  944:	  else{
    #####:  945:	    p++;//Next card
        -:  946:	  }
        -:  947:	}
        -:  948:      }
        -:  949:			    
        -:  950:      else{
    #####:  951:	if (supplyCount(estate, state) > 0){
call    0 never executed
branch  1 never executed
branch  2 never executed
    #####:  952:	  gainCard(estate, state, 0, currentPlayer);//Gain an estate
call    0 never executed
    #####:  953:	  state->supplyCount[estate]--;//Decrement Estates
    #####:  954:	  if (supplyCount(estate, state) == 0){
call    0 never executed
branch  1 never executed
branch  2 never executed
    #####:  955:	    isGameOver(state);
call    0 never executed
        -:  956:	  }
        -:  957:	}
        -:  958:      }
        -:  959:	    
        -:  960:      
    #####:  961:      return 0;
        -:  962:		
        -:  963:    case great_hall:
        -:  964:      //+1 Card
    #####:  965:      drawCard(currentPlayer, state);
call    0 never executed
        -:  966:			
        -:  967:      //+1 Actions
    #####:  968:      state->numActions++;
        -:  969:			
        -:  970:      //discard card from hand
    #####:  971:      discardCard(handPos, currentPlayer, state, 0);
call    0 never executed
    #####:  972:      return 0;
        -:  973:		
        -:  974:    case minion:
        -:  975:      //+1 action
    #####:  976:      state->numActions++;
        -:  977:			
        -:  978:      //discard card from hand
    #####:  979:      discardCard(handPos, currentPlayer, state, 0);
call    0 never executed
        -:  980:			
    #####:  981:      if (choice1)		//+2 coins
branch  0 never executed
branch  1 never executed
        -:  982:	{
    #####:  983:	  state->coins = state->coins + 2;
        -:  984:	}
        -:  985:			
    #####:  986:      else if (choice2)		//discard hand, redraw 4, other players with 5+ cards discard hand and draw 4
branch  0 never executed
branch  1 never executed
        -:  987:	{
        -:  988:	  //discard hand
    #####:  989:	  while(numHandCards(state) > 0)
call    0 never executed
branch  1 never executed
branch  2 never executed
        -:  990:	    {
    #####:  991:	      discardCard(handPos, currentPlayer, state, 0);
call    0 never executed
        -:  992:	    }
        -:  993:				
        -:  994:	  //draw 4
    #####:  995:	  for (i = 0; i < 4; i++)
branch  0 never executed
branch  1 never executed
        -:  996:	    {
    #####:  997:	      drawCard(currentPlayer, state);
call    0 never executed
        -:  998:	    }
        -:  999:				
        -: 1000:	  //other players discard hand and redraw if hand size > 4
    #####: 1001:	  for (i = 0; i < state->numPlayers; i++)
branch  0 never executed
branch  1 never executed
        -: 1002:	    {
    #####: 1003:	      if (i != currentPlayer)
branch  0 never executed
branch  1 never executed
        -: 1004:		{
    #####: 1005:		  if ( state->handCount[i] > 4 )
branch  0 never executed
branch  1 never executed
        -: 1006:		    {
        -: 1007:		      //discard hand
    #####: 1008:		      while( state->handCount[i] > 0 )
branch  0 never executed
branch  1 never executed
        -: 1009:			{
    #####: 1010:			  discardCard(handPos, i, state, 0);
call    0 never executed
        -: 1011:			}
        -: 1012:							
        -: 1013:		      //draw 4
    #####: 1014:		      for (j = 0; j < 4; j++)
branch  0 never executed
branch  1 never executed
        -: 1015:			{
    #####: 1016:			  drawCard(i, state);
call    0 never executed
        -: 1017:			}
        -: 1018:		    }
        -: 1019:		}
        -: 1020:	    }
        -: 1021:				
        -: 1022:	}
    #####: 1023:      return 0;
        -: 1024:		
        -: 1025:    case steward:
    #####: 1026:      if (choice1 == 1)
branch  0 never executed
branch  1 never executed
        -: 1027:	{
        -: 1028:	  //+2 cards
    #####: 1029:	  drawCard(currentPlayer, state);
call    0 never executed
    #####: 1030:	  drawCard(currentPlayer, state);
call    0 never executed
        -: 1031:	}
    #####: 1032:      else if (choice1 == 2)
branch  0 never executed
branch  1 never executed
        -: 1033:	{
        -: 1034:	  //+2 coins
    #####: 1035:	  state->coins = state->coins + 2;
        -: 1036:	}
        -: 1037:      else
        -: 1038:	{
        -: 1039:	  //trash 2 cards in hand
    #####: 1040:	  discardCard(choice2, currentPlayer, state, 1);
call    0 never executed
    #####: 1041:	  discardCard(choice3, currentPlayer, state, 1);
call    0 never executed
        -: 1042:	}
        -: 1043:			
        -: 1044:      //discard card from hand
    #####: 1045:      discardCard(handPos, currentPlayer, state, 0);
call    0 never executed
    #####: 1046:      return 0;
        -: 1047:		
        -: 1048:    case tribute:
    #####: 1049:      if ((state->discardCount[nextPlayer] + state->deckCount[nextPlayer]) <= 1){
branch  0 never executed
branch  1 never executed
    #####: 1050:	if (state->deckCount[nextPlayer] > 0){
branch  0 never executed
branch  1 never executed
    #####: 1051:	  tributeRevealedCards[0] = state->deck[nextPlayer][state->deckCount[nextPlayer]-1];
    #####: 1052:	  state->deckCount[nextPlayer]--;
        -: 1053:	}
    #####: 1054:	else if (state->discardCount[nextPlayer] > 0){
branch  0 never executed
branch  1 never executed
    #####: 1055:	  tributeRevealedCards[0] = state->discard[nextPlayer][state->discardCount[nextPlayer]-1];
    #####: 1056:	  state->discardCount[nextPlayer]--;
        -: 1057:	}
        -: 1058:	else{
        -: 1059:	  //No Card to Reveal
        -: 1060:	  if (DEBUG){
        -: 1061:	    printf("No cards to reveal\n");
        -: 1062:	  }
        -: 1063:	}
        -: 1064:      }
        -: 1065:	    
        -: 1066:      else{
    #####: 1067:	if (state->deckCount[nextPlayer] == 0){
branch  0 never executed
branch  1 never executed
    #####: 1068:	  for (i = 0; i < state->discardCount[nextPlayer]; i++){
branch  0 never executed
branch  1 never executed
    #####: 1069:	    state->deck[nextPlayer][i] = state->discard[nextPlayer][i];//Move to deck
    #####: 1070:	    state->deckCount[nextPlayer]++;
    #####: 1071:	    state->discard[nextPlayer][i] = -1;
    #####: 1072:	    state->discardCount[nextPlayer]--;
        -: 1073:	  }
        -: 1074:			    
    #####: 1075:	  shuffle(nextPlayer,state);//Shuffle the deck
call    0 never executed
        -: 1076:	} 
    #####: 1077:	tributeRevealedCards[0] = state->deck[nextPlayer][state->deckCount[nextPlayer]-1];
    #####: 1078:	state->deck[nextPlayer][state->deckCount[nextPlayer]--] = -1;
    #####: 1079:	state->deckCount[nextPlayer]--;
    #####: 1080:	tributeRevealedCards[1] = state->deck[nextPlayer][state->deckCount[nextPlayer]-1];
    #####: 1081:	state->deck[nextPlayer][state->deckCount[nextPlayer]--] = -1;
    #####: 1082:	state->deckCount[nextPlayer]--;
        -: 1083:      }    
        -: 1084:		       
    #####: 1085:      if (tributeRevealedCards[0] == tributeRevealedCards[1]){//If we have a duplicate card, just drop one 
branch  0 never executed
branch  1 never executed
    #####: 1086:	state->playedCards[state->playedCardCount] = tributeRevealedCards[1];
    #####: 1087:	state->playedCardCount++;
    #####: 1088:	tributeRevealedCards[1] = -1;
        -: 1089:      }
        -: 1090:
    #####: 1091:      for (i = 0; i <= 2; i ++){
branch  0 never executed
branch  1 never executed
    #####: 1092:	if (tributeRevealedCards[i] == copper || tributeRevealedCards[i] == silver || tributeRevealedCards[i] == gold){//Treasure cards
branch  0 never executed
branch  1 never executed
branch  2 never executed
branch  3 never executed
branch  4 never executed
branch  5 never executed
    #####: 1093:	  state->coins += 2;
        -: 1094:	}
        -: 1095:		    
    #####: 1096:	else if (tributeRevealedCards[i] == estate || tributeRevealedCards[i] == duchy || tributeRevealedCards[i] == province || tributeRevealedCards[i] == gardens || tributeRevealedCards[i] == great_hall){//Victory Card Found
branch  0 never executed
branch  1 never executed
branch  2 never executed
branch  3 never executed
branch  4 never executed
branch  5 never executed
branch  6 never executed
branch  7 never executed
branch  8 never executed
branch  9 never executed
    #####: 1097:	  drawCard(currentPlayer, state);
call    0 never executed
    #####: 1098:	  drawCard(currentPlayer, state);
call    0 never executed
        -: 1099:	}
        -: 1100:	else{//Action Card
    #####: 1101:	  state->numActions = state->numActions + 2;
        -: 1102:	}
        -: 1103:      }
        -: 1104:	    
    #####: 1105:      return 0;
        -: 1106:		
        -: 1107:    case ambassador:
    #####: 1108:      j = 0;		//used to check if player has enough cards to discard
        -: 1109:
    #####: 1110:      if (choice2 > 2 || choice2 < 0)
branch  0 never executed
branch  1 never executed
branch  2 never executed
branch  3 never executed
        -: 1111:	{
    #####: 1112:	  return -1;				
        -: 1113:	}
        -: 1114:
    #####: 1115:      if (choice1 == handPos)
branch  0 never executed
branch  1 never executed
        -: 1116:	{
    #####: 1117:	  return -1;
        -: 1118:	}
        -: 1119:
    #####: 1120:      for (i = 0; i < state->handCount[currentPlayer]; i++)
branch  0 never executed
branch  1 never executed
        -: 1121:	{
    #####: 1122:	  if (i != handPos && i == state->hand[currentPlayer][choice1] && i != choice1)
branch  0 never executed
branch  1 never executed
branch  2 never executed
branch  3 never executed
branch  4 never executed
branch  5 never executed
        -: 1123:	    {
    #####: 1124:	      j++;
        -: 1125:	    }
        -: 1126:	}
    #####: 1127:      if (j < choice2)
branch  0 never executed
branch  1 never executed
        -: 1128:	{
    #####: 1129:	  return -1;				
        -: 1130:	}
        -: 1131:
        -: 1132:      if (DEBUG) 
        -: 1133:	printf("Player %d reveals card number: %d\n", currentPlayer, state->hand[currentPlayer][choice1]);
        -: 1134:
        -: 1135:      //increase supply count for choosen card by amount being discarded
    #####: 1136:      state->supplyCount[state->hand[currentPlayer][choice1]] += choice2;
        -: 1137:			
        -: 1138:      //each other player gains a copy of revealed card
    #####: 1139:      for (i = 0; i < state->numPlayers; i++)
branch  0 never executed
branch  1 never executed
        -: 1140:	{
    #####: 1141:	  if (i != currentPlayer)
branch  0 never executed
branch  1 never executed
        -: 1142:	    {
    #####: 1143:	      gainCard(state->hand[currentPlayer][choice1], state, 0, i);
call    0 never executed
        -: 1144:	    }
        -: 1145:	}
        -: 1146:
        -: 1147:      //discard played card from hand
    #####: 1148:      discardCard(handPos, currentPlayer, state, 0);			
call    0 never executed
        -: 1149:
        -: 1150:      //trash copies of cards returned to supply
    #####: 1151:      for (j = 0; j < choice2; j++)
branch  0 never executed
branch  1 never executed
        -: 1152:	{
    #####: 1153:	  for (i = 0; i < state->handCount[currentPlayer]; i++)
branch  0 never executed
branch  1 never executed
        -: 1154:	    {
    #####: 1155:	      if (state->hand[currentPlayer][i] == state->hand[currentPlayer][choice1])
branch  0 never executed
branch  1 never executed
        -: 1156:		{
    #####: 1157:		  discardCard(i, currentPlayer, state, 1);
call    0 never executed
    #####: 1158:		  break;
        -: 1159:		}
        -: 1160:	    }
        -: 1161:	}			
        -: 1162:
    #####: 1163:      return 0;
        -: 1164:		
        -: 1165:    case cutpurse:
        -: 1166:
    #####: 1167:      updateCoins(currentPlayer, state, 2);
call    0 never executed
    #####: 1168:      for (i = 0; i < state->numPlayers; i++)
branch  0 never executed
branch  1 never executed
        -: 1169:	{
    #####: 1170:	  if (i != currentPlayer)
branch  0 never executed
branch  1 never executed
        -: 1171:	    {
    #####: 1172:	      for (j = 0; j < state->handCount[i]; j++)
branch  0 never executed
branch  1 never executed
        -: 1173:		{
    #####: 1174:		  if (state->hand[i][j] == copper)
branch  0 never executed
branch  1 never executed
        -: 1175:		    {
    #####: 1176:		      discardCard(j, i, state, 0);
call    0 never executed
    #####: 1177:		      break;
        -: 1178:		    }
    #####: 1179:		  if (j == state->handCount[i])
branch  0 never executed
branch  1 never executed
        -: 1180:		    {
    #####: 1181:		      for (k = 0; k < state->handCount[i]; k++)
branch  0 never executed
branch  1 never executed
        -: 1182:			{
        -: 1183:			  if (DEBUG)
        -: 1184:			    printf("Player %d reveals card number %d\n", i, state->hand[i][k]);
        -: 1185:			}	
    #####: 1186:		      break;
        -: 1187:		    }		
        -: 1188:		}
        -: 1189:					
        -: 1190:	    }
        -: 1191:				
        -: 1192:	}				
        -: 1193:
        -: 1194:      //discard played card from hand
    #####: 1195:      discardCard(handPos, currentPlayer, state, 0);			
call    0 never executed
        -: 1196:
    #####: 1197:      return 0;
        -: 1198:
        -: 1199:		
        -: 1200:    case embargo: 
        -: 1201:      //+2 Coins
    #####: 1202:      state->coins = state->coins + 2;
        -: 1203:			
        -: 1204:      //see if selected pile is in play
    #####: 1205:      if ( state->supplyCount[choice1] == -1 )
branch  0 never executed
branch  1 never executed
        -: 1206:	{
    #####: 1207:	  return -1;
        -: 1208:	}
        -: 1209:			
        -: 1210:      //add embargo token to selected supply pile
    #####: 1211:      state->embargoTokens[choice1]++;
        -: 1212:			
        -: 1213:      //trash card
    #####: 1214:      discardCard(handPos, currentPlayer, state, 1);		
call    0 never executed
    #####: 1215:      return 0;
        -: 1216:		
        -: 1217:    case outpost:
    #####: 1218:		outpostFunction(currentPlayer, state, handPos);
call    0 never executed
        -: 1219:      //set outpost flag
        -: 1220:      //state->outpostPlayed++;
        -: 1221:			
        -: 1222:      //discard card
        -: 1223:    //  discardCard(handPos, currentPlayer, state, 0);
        -: 1224:    //  return 0;
        -: 1225:		
        -: 1226:    case salvager:
        -: 1227:      //+1 buy
    #####: 1228:      state->numBuys++;
        -: 1229:			
    #####: 1230:      if (choice1)
branch  0 never executed
branch  1 never executed
        -: 1231:	{
        -: 1232:	  //gain coins equal to trashed card
    #####: 1233:	  state->coins = state->coins + getCost( handCard(choice1, state) );
call    0 never executed
call    1 never executed
        -: 1234:	  //trash card
    #####: 1235:	  discardCard(choice1, currentPlayer, state, 1);	
call    0 never executed
        -: 1236:	}
        -: 1237:			
        -: 1238:      //discard card
    #####: 1239:      discardCard(handPos, currentPlayer, state, 0);
call    0 never executed
    #####: 1240:      return 0;
        -: 1241:		
        -: 1242:    case sea_hag:
    #####: 1243:      for (i = 0; i < state->numPlayers; i++){
branch  0 never executed
branch  1 never executed
    #####: 1244:	if (i != currentPlayer){
branch  0 never executed
branch  1 never executed
    #####: 1245:	  state->discard[i][state->discardCount[i]] = state->deck[i][state->deckCount[i]--];			    state->deckCount[i]--;
    #####: 1246:	  state->discardCount[i]++;
    #####: 1247:	  state->deck[i][state->deckCount[i]--] = curse;//Top card now a curse
        -: 1248:	}
        -: 1249:      }
    #####: 1250:      return 0;
        -: 1251:		
        -: 1252:    case treasure_map:
        -: 1253:      //search hand for another treasure_map
    #####: 1254:      index = -1;
    #####: 1255:      for (i = 0; i < state->handCount[currentPlayer]; i++)
branch  0 never executed
branch  1 never executed
        -: 1256:	{
    #####: 1257:	  if (state->hand[currentPlayer][i] == treasure_map && i != handPos)
branch  0 never executed
branch  1 never executed
branch  2 never executed
branch  3 never executed
        -: 1258:	    {
    #####: 1259:	      index = i;
    #####: 1260:	      break;
        -: 1261:	    }
        -: 1262:	}
    #####: 1263:      if (index > -1)
branch  0 never executed
branch  1 never executed
        -: 1264:	{
        -: 1265:	  //trash both treasure cards
    #####: 1266:	  discardCard(handPos, currentPlayer, state, 1);
call    0 never executed
    #####: 1267:	  discardCard(index, currentPlayer, state, 1);
call    0 never executed
        -: 1268:
        -: 1269:	  //gain 4 Gold cards
    #####: 1270:	  for (i = 0; i < 4; i++)
branch  0 never executed
branch  1 never executed
        -: 1271:	    {
    #####: 1272:	      gainCard(gold, state, 1, currentPlayer);
call    0 never executed
        -: 1273:	    }
        -: 1274:				
        -: 1275:	  //return success
    #####: 1276:	  return 1;
        -: 1277:	}
        -: 1278:			
        -: 1279:      //no second treasure_map found in hand
    #####: 1280:      return -1;
        -: 1281:    }
        -: 1282:	
    #####: 1283:  return -1;
        -: 1284:}
        -: 1285:
function discardCard called 5 returned 100% blocks executed 78%
        5: 1286:int discardCard(int handPos, int currentPlayer, struct gameState *state, int trashFlag)
        -: 1287:{
        -: 1288:	
        -: 1289:  //if card is not trashed, added to Played pile 
        5: 1290:  if (trashFlag < 1)
branch  0 taken 100% (fallthrough)
branch  1 taken 0%
        -: 1291:    {
        -: 1292:      //add card to played pile
        5: 1293:      state->playedCards[state->playedCardCount] = state->hand[currentPlayer][handPos]; 
        5: 1294:      state->playedCardCount++;
        -: 1295:    }
        -: 1296:	
        -: 1297:  //set played card to -1
        5: 1298:  state->hand[currentPlayer][handPos] = -1;
        -: 1299:	
        -: 1300:  //remove card from player's hand
        5: 1301:  if ( handPos == (state->handCount[currentPlayer] - 1) ) 	//last card in hand array is played
branch  0 taken 0% (fallthrough)
branch  1 taken 100%
        -: 1302:    {
        -: 1303:      //reduce number of cards in hand
    #####: 1304:      state->handCount[currentPlayer]--;
        -: 1305:    }
        5: 1306:  else if ( state->handCount[currentPlayer] == 1 ) //only one card in hand
branch  0 taken 0% (fallthrough)
branch  1 taken 100%
        -: 1307:    {
        -: 1308:      //reduce number of cards in hand
    #####: 1309:      state->handCount[currentPlayer]--;
        -: 1310:    }
        -: 1311:  else 	
        -: 1312:    {
        -: 1313:      //replace discarded card with last card in hand
        5: 1314:      state->hand[currentPlayer][handPos] = state->hand[currentPlayer][ (state->handCount[currentPlayer] - 1)];
        -: 1315:      //set last card to -1
        5: 1316:      state->hand[currentPlayer][state->handCount[currentPlayer] - 1] = -1;
        -: 1317:      //reduce number of cards in hand
        5: 1318:      state->handCount[currentPlayer]--;
        -: 1319:    }
        -: 1320:	
        5: 1321:  return 0;
        -: 1322:}
        -: 1323:
function gainCard called 0 returned 0% blocks executed 0%
    #####: 1324:int gainCard(int supplyPos, struct gameState *state, int toFlag, int player)
        -: 1325:{
        -: 1326:  //Note: supplyPos is enum of choosen card
        -: 1327:	
        -: 1328:  //check if supply pile is empty (0) or card is not used in game (-1)
    #####: 1329:  if ( supplyCount(supplyPos, state) < 1 )
call    0 never executed
branch  1 never executed
branch  2 never executed
        -: 1330:    {
    #####: 1331:      return -1;
        -: 1332:    }
        -: 1333:	
        -: 1334:  //added card for [whoseTurn] current player:
        -: 1335:  // toFlag = 0 : add to discard
        -: 1336:  // toFlag = 1 : add to deck
        -: 1337:  // toFlag = 2 : add to hand
        -: 1338:
    #####: 1339:  if (toFlag == 1)
branch  0 never executed
branch  1 never executed
        -: 1340:    {
    #####: 1341:      state->deck[ player ][ state->deckCount[player] ] = supplyPos;
    #####: 1342:      state->deckCount[player]++;
        -: 1343:    }
    #####: 1344:  else if (toFlag == 2)
branch  0 never executed
branch  1 never executed
        -: 1345:    {
    #####: 1346:      state->hand[ player ][ state->handCount[player] ] = supplyPos;
    #####: 1347:      state->handCount[player]++;
        -: 1348:    }
        -: 1349:  else
        -: 1350:    {
    #####: 1351:      state->discard[player][ state->discardCount[player] ] = supplyPos;
    #####: 1352:      state->discardCount[player]++;
        -: 1353:    }
        -: 1354:	
        -: 1355:  //decrease number in supply pile
    #####: 1356:  state->supplyCount[supplyPos]--;
        -: 1357:	 
    #####: 1358:  return 0;
        -: 1359:}
        -: 1360:
function updateCoins called 4 returned 100% blocks executed 82%
        4: 1361:int updateCoins(int player, struct gameState *state, int bonus)
        -: 1362:{
        -: 1363:  int i;
        -: 1364:	
        -: 1365:  //reset coin count
        4: 1366:  state->coins = 0;
        -: 1367:
        -: 1368:  //add coins for each Treasure card in player's hand
       24: 1369:  for (i = 0; i < state->handCount[player]; i++)
branch  0 taken 83%
branch  1 taken 17% (fallthrough)
        -: 1370:    {
       20: 1371:      if (state->hand[player][i] == copper)
branch  0 taken 80% (fallthrough)
branch  1 taken 20%
        -: 1372:	{
       16: 1373:	  state->coins += 1;
        -: 1374:	}
        4: 1375:      else if (state->hand[player][i] == silver)
branch  0 taken 0% (fallthrough)
branch  1 taken 100%
        -: 1376:	{
    #####: 1377:	  state->coins += 2;
        -: 1378:	}
        4: 1379:      else if (state->hand[player][i] == gold)
branch  0 taken 0% (fallthrough)
branch  1 taken 100%
        -: 1380:	{
    #####: 1381:	  state->coins += 3;
        -: 1382:	}	
        -: 1383:    }	
        -: 1384:
        -: 1385:  //add bonus
        4: 1386:  state->coins += bonus;
        -: 1387:
        4: 1388:  return 0;
        -: 1389:}
        -: 1390:
        -: 1391:
        -: 1392://end of dominion.c
        -: 1393:
